Added Component: Designator=C1(C1206)
Added Component: Designator=C2(C1206)
Added Component: Designator=C3(C1206)
Added Component: Designator=C5(C1206)
Added Component: Designator=C6(C1206)
Added Component: Designator=C7(C1206)
Added Component: Designator=C8(C1206)
Added Component: Designator=C11(C1206)
Added Component: Designator=C12(C1206)
Added Component: Designator=C13(C1206)
Added Component: Designator=D1(DIODE-0.7)
Added Component: Designator=R1(J1-0603)
Added Component: Designator=R2(J1-0603)
Added Component: Designator=R3(J1-0603)
Added Component: Designator=R4(J1-0603)
Added Component: Designator=R5(J1-0603)
Added Component: Designator=R6(J1-0603)
Added Component: Designator=R7(J1-0603)
Added Component: Designator=R8(J1-0603)
Added Component: Designator=R9(J1-0603)
Added Component: Designator=R10(J1-0603)
Added Component: Designator=R11(J1-0603)
Added Component: Designator=R12(J1-0603)
Added Component: Designator=R13(J1-0603)
Added Component: Designator=R14(J1-0603)
Added Component: Designator=U1(SOP65P640X120-8N)
Added Component: Designator=U2(SOT95P280X145-5N)
Added Component: Designator=U3(SOIC127P1155X280-8N)
Added Component: Designator=U4(SOT95P280X145-5N)
Added Pin To Net: NetName=GND_1 Pin=C1-1
Added Pin To Net: NetName=GND_1 Pin=C6-1
Added Pin To Net: NetName=GND_1 Pin=C7-1
Added Pin To Net: NetName=GND_1 Pin=C8-1
Added Pin To Net: NetName=GND_1 Pin=C12-2
Added Pin To Net: NetName=GND_1 Pin=U1-4
Added Pin To Net: NetName=GND_1 Pin=U3-4
Added Net: Name=GND_1
Added Pin To Net: NetName=GND_ISO1 Pin=C2-2
Added Pin To Net: NetName=GND_ISO1 Pin=C3-2
Added Pin To Net: NetName=GND_ISO1 Pin=R5-2
Added Pin To Net: NetName=GND_ISO1 Pin=R11-2
Added Pin To Net: NetName=GND_ISO1 Pin=U1-5
Added Pin To Net: NetName=GND_ISO1 Pin=U2-2
Added Pin To Net: NetName=GND_ISO1 Pin=U4-2
Added Net: Name=GND_ISO1
Added Pin To Net: NetName=GND_ISO2 Pin=C11-2
Added Pin To Net: NetName=GND_ISO2 Pin=C13-2
Added Pin To Net: NetName=GND_ISO2 Pin=U3-5
Added Net: Name=GND_ISO2
Added Pin To Net: NetName=NetC5_1 Pin=C5-1
Added Pin To Net: NetName=NetC5_1 Pin=C6-2
Added Pin To Net: NetName=NetC5_1 Pin=R9-2
Added Pin To Net: NetName=NetC5_1 Pin=U3-3
Added Net: Name=NetC5_1
Added Pin To Net: NetName=NetC5_2 Pin=C5-2
Added Pin To Net: NetName=NetC5_2 Pin=C7-2
Added Pin To Net: NetName=NetC5_2 Pin=R8-2
Added Pin To Net: NetName=NetC5_2 Pin=U3-2
Added Net: Name=NetC5_2
Added Pin To Net: NetName=NetC8_2 Pin=C8-2
Added Pin To Net: NetName=NetC8_2 Pin=D1-2
Added Pin To Net: NetName=NetC8_2 Pin=R10-1
Added Pin To Net: NetName=NetC8_2 Pin=U3-1
Added Net: Name=NetC8_2
Added Pin To Net: NetName=NetD1_1 Pin=D1-1
Added Pin To Net: NetName=NetD1_1 Pin=R7-2
Added Pin To Net: NetName=NetD1_1 Pin=R9-1
Added Net: Name=NetD1_1
Added Pin To Net: NetName=NetR1_1 Pin=R1-1
Added Pin To Net: NetName=NetR1_1 Pin=R2-2
Added Pin To Net: NetName=NetR1_1 Pin=U1-3
Added Net: Name=NetR1_1
Added Pin To Net: NetName=NetR2_1 Pin=R2-1
Added Pin To Net: NetName=NetR2_1 Pin=U1-2
Added Net: Name=NetR2_1
Added Pin To Net: NetName=NetR3_1 Pin=R3-1
Added Pin To Net: NetName=NetR3_1 Pin=U1-7
Added Net: Name=NetR3_1
Added Pin To Net: NetName=NetR3_2 Pin=R3-2
Added Pin To Net: NetName=NetR3_2 Pin=R5-1
Added Pin To Net: NetName=NetR3_2 Pin=U2-3
Added Net: Name=NetR3_2
Added Pin To Net: NetName=NetR4_1 Pin=R4-1
Added Pin To Net: NetName=NetR4_1 Pin=U1-6
Added Net: Name=NetR4_1
Added Pin To Net: NetName=NetR4_2 Pin=R4-2
Added Pin To Net: NetName=NetR4_2 Pin=R6-2
Added Pin To Net: NetName=NetR4_2 Pin=U2-4
Added Net: Name=NetR4_2
Added Pin To Net: NetName=NetR6_1 Pin=R6-1
Added Pin To Net: NetName=NetR6_1 Pin=U2-1
Added Net: Name=NetR6_1
Added Pin To Net: NetName=NetR7_1 Pin=R7-1
Added Pin To Net: NetName=NetR7_1 Pin=R8-1
Added Net: Name=NetR7_1
Added Pin To Net: NetName=NetR11_1 Pin=R11-1
Added Pin To Net: NetName=NetR11_1 Pin=R13-2
Added Pin To Net: NetName=NetR11_1 Pin=U4-3
Added Net: Name=NetR11_1
Added Pin To Net: NetName=NetR12_1 Pin=R12-1
Added Pin To Net: NetName=NetR12_1 Pin=U4-1
Added Net: Name=NetR12_1
Added Pin To Net: NetName=NetR12_2 Pin=R12-2
Added Pin To Net: NetName=NetR12_2 Pin=R14-2
Added Pin To Net: NetName=NetR12_2 Pin=U4-4
Added Net: Name=NetR12_2
Added Pin To Net: NetName=NetR13_1 Pin=R13-1
Added Pin To Net: NetName=NetR13_1 Pin=U3-7
Added Net: Name=NetR13_1
Added Pin To Net: NetName=NetR14_1 Pin=R14-1
Added Pin To Net: NetName=NetR14_1 Pin=U3-6
Added Net: Name=NetR14_1
Added Pin To Net: NetName=VDD_1 Pin=C1-2
Added Pin To Net: NetName=VDD_1 Pin=C12-1
Added Pin To Net: NetName=VDD_1 Pin=R10-2
Added Pin To Net: NetName=VDD_1 Pin=U1-1
Added Net: Name=VDD_1
Added Pin To Net: NetName=VDD_ISO1 Pin=C3-1
Added Pin To Net: NetName=VDD_ISO1 Pin=U2-5
Added Net: Name=VDD_ISO1
Added Pin To Net: NetName=VDD_ISO2 Pin=C11-1
Added Pin To Net: NetName=VDD_ISO2 Pin=C13-1
Added Pin To Net: NetName=VDD_ISO2 Pin=U3-8
Added Pin To Net: NetName=VDD_ISO2 Pin=U4-5
Added Net: Name=VDD_ISO2
Added Pin To Net: NetName=VDD_SO1 Pin=C2-1
Added Pin To Net: NetName=VDD_SO1 Pin=U1-8
Added Net: Name=VDD_SO1
Added Class: Name=Sheet1
