Added Component: Designator=U20(DUB8)
Added Component: Designator=U?(DUB8)
Added Member To Class: ClassName=Sheet1 Member=Component C1 Cap Semi
Added Member To Class: ClassName=Sheet1 Member=Component C2 Cap Semi
Added Member To Class: ClassName=Sheet2 Member=Component C5 Cap Semi
Added Member To Class: ClassName=Sheet2 Member=Component C6 Cap Semi
Added Member To Class: ClassName=Sheet2 Member=Component C7 Cap Semi
Added Member To Class: ClassName=Sheet2 Member=Component C8 Cap Semi
Added Member To Class: ClassName=Sheet1 Member=Component C13 Cap Semi
Added Member To Class: ClassName=Sheet1 Member=Component C14 Cap Semi
Added Member To Class: ClassName=Sheet1 Member=Component C15 Cap Semi
Added Member To Class: ClassName=Sheet2 Member=Component D1 D Zener
Added Member To Class: ClassName=Sheet3 Member=Component R1 
Added Member To Class: ClassName=Sheet3 Member=Component R2 
Added Member To Class: ClassName=Sheet3 Member=Component R3 Res3
Added Member To Class: ClassName=Sheet3 Member=Component R4 Res3
Added Member To Class: ClassName=Sheet3 Member=Component R5 Res3
Added Member To Class: ClassName=Sheet3 Member=Component R6 Res3
Added Member To Class: ClassName=Sheet2 Member=Component R7 Shunt-Res
Added Member To Class: ClassName=Sheet2 Member=Component R8 Res3
Added Member To Class: ClassName=Sheet2 Member=Component R9 Res3
Added Member To Class: ClassName=Sheet2 Member=Component R10 Res3
Added Member To Class: ClassName=Sheet2 Member=Component R11 Res3
Added Member To Class: ClassName=Sheet2 Member=Component R12 Res3
Added Member To Class: ClassName=Sheet2 Member=Component R13 Res3
Added Member To Class: ClassName=Sheet2 Member=Component R14 Res3
Added Member To Class: ClassName=Sheet1 Member=Component R16 Res3
Added Member To Class: ClassName=Sheet1 Member=Component R17 Res3
Added Member To Class: ClassName=Sheet3 Member=Component U1 AMC1100DUB
Added Member To Class: ClassName=Sheet3 Member=Component U2 OPA376
Added Member To Class: ClassName=Sheet2 Member=Component U3 AMC1200BDWV
Added Member To Class: ClassName=Sheet2 Member=Component U4 OPA376
Added Member To Class: ClassName=Sheet1 Member=Component U5 DCR011203U
Added Member To Class: ClassName=Sheet1 Member=Component U20 AMC1100DUB
Added Member To Class: ClassName=Sheet1 Member=Component U? AMC1200_DUB_8
Added Room: Name=Sheet1
Added Room: Name=Sheet2
Added Room: Name=Sheet3
