Added Component: Designator=C1(C1206)
Added Component: Designator=C2(C1206)
Added Component: Designator=C3(C1206)
Added Component: Designator=C4(0805)
Added Component: Designator=C5(0805)
Added Component: Designator=C6(0805)
Added Component: Designator=C7(0805)
Added Component: Designator=C8(0805)
Added Component: Designator=C9(0805)
Added Component: Designator=C10(0805)
Added Component: Designator=C11(0805)
Added Component: Designator=CR1(SOD123)
Added Component: Designator=DS1(LCD_LCM-S01602DTR/A)
Added Component: Designator=P1(HDR1X2)
Added Component: Designator=P2(HDR1X4H)
Added Component: Designator=R1(6-0805)
Added Component: Designator=R2(6-0805)
Added Component: Designator=R3(6-0805)
Added Component: Designator=R4(6-0805)
Added Component: Designator=R5(M1WT-2512)
Added Component: Designator=R6(6-0805)
Added Component: Designator=R7(6-0805)
Added Component: Designator=R8(6-0805)
Added Component: Designator=R9(8-1206)
Added Component: Designator=R10(6-0805)
Added Component: Designator=R11(6-0805)
Added Component: Designator=R12(6-0805)
Added Component: Designator=R13(6-0805)
Added Component: Designator=R14(6-0805)
Added Component: Designator=R15(6-0805)
Added Component: Designator=R18(6-0805)
Added Component: Designator=R22(6-0805)
Added Component: Designator=R23(6-0805)
Added Component: Designator=U1(DUA7)
Added Component: Designator=U2(DUA7)
Added Component: Designator=U3(DUB8)
Added Component: Designator=U4(DCK5)
Added Component: Designator=U5(DUB8)
Added Component: Designator=U6(DCK5)
Added Component: Designator=U10(QFN-ML44_N)
Added Pin To Net: NetName=GND_1 Pin=C1-1
Added Pin To Net: NetName=VDD_1 Pin=C1-2
Added Pin To Net: NetName=GND_ISO1 Pin=C2-1
Added Pin To Net: NetName=VDD_ISO1 Pin=C2-2
Added Pin To Net: NetName=GND_ISO2 Pin=C3-1
Added Pin To Net: NetName=VDD_ISO2 Pin=C3-2
Added Pin To Net: NetName=GND_1 Pin=C4-1
Added Pin To Net: NetName=VDD_1 Pin=C4-2
Added Pin To Net: NetName=GND_ISO1 Pin=C5-1
Added Pin To Net: NetName=VDD_ISO1 Pin=C5-2
Added Pin To Net: NetName=GND_1 Pin=C6-1
Added Pin To Net: NetName=VDD_1 Pin=C6-2
Added Pin To Net: NetName=GND_ISO2 Pin=C7-1
Added Pin To Net: NetName=VDD_ISO2 Pin=C7-2
Added Pin To Net: NetName=NetC8_1 Pin=C8-1
Added Pin To Net: NetName=NetC8_2 Pin=C8-2
Added Pin To Net: NetName=NetC9_1 Pin=C9-1
Added Pin To Net: NetName=NetC9_2 Pin=C9-2
Added Pin To Net: NetName=NetC8_1 Pin=C10-1
Added Pin To Net: NetName=NetC9_1 Pin=C10-2
Added Pin To Net: NetName=NetC8_1 Pin=C11-1
Added Pin To Net: NetName=NetC9_2 Pin=C11-2
Added Pin To Net: NetName=NetC8_2 Pin=CR1-1
Added Pin To Net: NetName=NetC8_1 Pin=CR1-2
Added Pin To Net: NetName=GND_1 Pin=DS1-1
Added Pin To Net: NetName=VDD_1 Pin=DS1-2
Added Pin To Net: NetName=NetDS1_4 Pin=DS1-4
Added Pin To Net: NetName=NetDS1_5 Pin=DS1-5
Added Pin To Net: NetName=NetDS1_6 Pin=DS1-6
Added Pin To Net: NetName=NetDS1_7 Pin=DS1-7
Added Pin To Net: NetName=NetDS1_8 Pin=DS1-8
Added Pin To Net: NetName=NetDS1_9 Pin=DS1-9
Added Pin To Net: NetName=NetDS1_10 Pin=DS1-10
Added Pin To Net: NetName=NetDS1_11 Pin=DS1-11
Added Pin To Net: NetName=NetDS1_12 Pin=DS1-12
Added Pin To Net: NetName=NetDS1_13 Pin=DS1-13
Added Pin To Net: NetName=NetDS1_14 Pin=DS1-14
Added Pin To Net: NetName=GND_1 Pin=P1-1
Added Pin To Net: NetName=VDD_1 Pin=P1-2
Added Pin To Net: NetName=NetP2_1 Pin=P2-1
Added Pin To Net: NetName=NetP2_2 Pin=P2-2
Added Pin To Net: NetName=NetP2_3 Pin=P2-3
Added Pin To Net: NetName=NetC8_1 Pin=P2-4
Added Pin To Net: NetName=NetC8_2 Pin=R1-1
Added Pin To Net: NetName=VDD_ISO1 Pin=R1-2
Added Pin To Net: NetName=NetR2_1 Pin=R2-1
Added Pin To Net: NetName=VCM Pin=R2-2
Added Pin To Net: NetName=NetP2_3 Pin=R3-1
Added Pin To Net: NetName=NetC9_2 Pin=R3-2
Added Pin To Net: NetName=NetR4_1 Pin=R4-1
Added Pin To Net: NetName=NetR2_1 Pin=R4-2
Added Pin To Net: NetName=NetC8_1 Pin=R5-1
Added Pin To Net: NetName=NetP2_3 Pin=R5-2
Added Pin To Net: NetName=NetR6_1 Pin=R6-1
Added Pin To Net: NetName=NetR6_2 Pin=R6-2
Added Pin To Net: NetName=NetC8_1 Pin=R7-1
Added Pin To Net: NetName=NetC9_1 Pin=R7-2
Added Pin To Net: NetName=NetR8_1 Pin=R8-1
Added Pin To Net: NetName=NetR6_1 Pin=R8-2
Added Pin To Net: NetName=NetR9_1 Pin=R9-1
Added Pin To Net: NetName=NetP2_1 Pin=R9-2
Added Pin To Net: NetName=NetR10_1 Pin=R10-1
Added Pin To Net: NetName=VCM Pin=R10-2
Added Pin To Net: NetName=NetR11_1 Pin=R11-1
Added Pin To Net: NetName=NetR10_1 Pin=R11-2
Added Pin To Net: NetName=NetP2_2 Pin=R12-1
Added Pin To Net: NetName=NetR9_1 Pin=R12-2
Added Pin To Net: NetName=NetR13_1 Pin=R13-1
Added Pin To Net: NetName=NetR13_2 Pin=R13-2
Added Pin To Net: NetName=NetR13_1 Pin=R14-1
Added Pin To Net: NetName=NetR14_2 Pin=R14-2
Added Pin To Net: NetName=GND_1 Pin=R15-1
Added Pin To Net: NetName=VCM Pin=R15-2
Added Pin To Net: NetName=VCM Pin=R18-1
Added Pin To Net: NetName=VDD_1 Pin=R18-2
Added Pin To Net: NetName=GND Pin=R22-1
Added Pin To Net: NetName=NetR22_2 Pin=R22-2
Added Pin To Net: NetName=NetDS1_14 Pin=R23-1
Added Pin To Net: NetName=VDD_1 Pin=R23-2
Added Pin To Net: NetName=VDD_1 Pin=U1-1
Added Pin To Net: NetName=GND_1 Pin=U1-2
Added Pin To Net: NetName=GND_ISO1 Pin=U1-5
Added Pin To Net: NetName=VDD_ISO1 Pin=U1-6
Added Pin To Net: NetName=VDD_1 Pin=U2-1
Added Pin To Net: NetName=GND_1 Pin=U2-2
Added Pin To Net: NetName=GND_ISO2 Pin=U2-5
Added Pin To Net: NetName=VDD_ISO2 Pin=U2-6
Added Pin To Net: NetName=NetC8_2 Pin=U3-1
Added Pin To Net: NetName=NetC9_2 Pin=U3-2
Added Pin To Net: NetName=NetC9_1 Pin=U3-3
Added Pin To Net: NetName=NetC8_1 Pin=U3-4
Added Pin To Net: NetName=GND_1 Pin=U3-5
Added Pin To Net: NetName=NetR8_1 Pin=U3-6
Added Pin To Net: NetName=NetR4_1 Pin=U3-7
Added Pin To Net: NetName=VDD_1 Pin=U3-8
Added Pin To Net: NetName=NetR2_1 Pin=U4-1
Added Pin To Net: NetName=GND_1 Pin=U4-2
Added Pin To Net: NetName=NetR6_1 Pin=U4-3
Added Pin To Net: NetName=NetR6_2 Pin=U4-4
Added Pin To Net: NetName=VDD_1 Pin=U4-5
Added Pin To Net: NetName=VDD_ISO2 Pin=U5-1
Added Pin To Net: NetName=NetR9_1 Pin=U5-2
Added Pin To Net: NetName=NetP2_2 Pin=U5-3
Added Pin To Net: NetName=GND_ISO2 Pin=U5-4
Added Pin To Net: NetName=GND_1 Pin=U5-5
Added Pin To Net: NetName=NetR14_2 Pin=U5-6
Added Pin To Net: NetName=NetR11_1 Pin=U5-7
Added Pin To Net: NetName=VDD_1 Pin=U5-8
Added Pin To Net: NetName=NetR10_1 Pin=U6-1
Added Pin To Net: NetName=GND_1 Pin=U6-2
Added Pin To Net: NetName=NetR13_1 Pin=U6-3
Added Pin To Net: NetName=NetR13_2 Pin=U6-4
Added Pin To Net: NetName=VDD_1 Pin=U6-5
Added Pin To Net: NetName=NetDS1_11 Pin=U10-2
Added Pin To Net: NetName=NetDS1_12 Pin=U10-3
Added Pin To Net: NetName=NetDS1_13 Pin=U10-4
Added Pin To Net: NetName=NetDS1_14 Pin=U10-5
Added Pin To Net: NetName=NetDS1_4 Pin=U10-11
Added Pin To Net: NetName=NetDS1_5 Pin=U10-14
Added Pin To Net: NetName=NetDS1_6 Pin=U10-15
Added Pin To Net: NetName=NetR22_2 Pin=U10-18
Added Pin To Net: NetName=NetR13_2 Pin=U10-19
Added Pin To Net: NetName=NetR6_2 Pin=U10-20
Added Pin To Net: NetName=NetDS1_7 Pin=U10-38
Added Pin To Net: NetName=NetDS1_8 Pin=U10-39
Added Pin To Net: NetName=NetDS1_9 Pin=U10-40
Added Pin To Net: NetName=NetDS1_10 Pin=U10-41
Added Member To Class: ClassName=Sheet1 Member=Component C1 Cap Semi
Added Member To Class: ClassName=Sheet1 Member=Component C2 Cap Semi
Added Member To Class: ClassName=Sheet1 Member=Component C3 Cap Semi
Added Member To Class: ClassName=Sheet1 Member=Component C4 C0805
Added Member To Class: ClassName=Sheet1 Member=Component C5 C0805
Added Member To Class: ClassName=Sheet1 Member=Component C6 C0805
Added Member To Class: ClassName=Sheet1 Member=Component C7 C0805
Added Member To Class: ClassName=Sheet2 Member=Component C8 C0805
Added Member To Class: ClassName=Sheet2 Member=Component C9 C0805
Added Member To Class: ClassName=Sheet2 Member=Component C10 C0805
Added Member To Class: ClassName=Sheet2 Member=Component C11 C0805
Added Member To Class: ClassName=Sheet2 Member=Component CR1 BZT52C6V8-V-GS08
Added Member To Class: ClassName=Sheet3 Member=Component DS1 LCM-S01602DTR/A
Added Member To Class: ClassName=Sheet1 Member=Component P1 Header 2
Added Member To Class: ClassName=Sheet1 Member=Component P2 Header 4H
Added Member To Class: ClassName=Sheet2 Member=Component R1 ERJ6EN
Added Member To Class: ClassName=Sheet2 Member=Component R2 ERJ6EN
Added Member To Class: ClassName=Sheet2 Member=Component R3 ERJ6EN
Added Member To Class: ClassName=Sheet2 Member=Component R4 ERJ6EN
Added Member To Class: ClassName=Sheet2 Member=Component R5 ERJM1WT
Added Member To Class: ClassName=Sheet2 Member=Component R6 ERJ6EN
Added Member To Class: ClassName=Sheet2 Member=Component R7 ERJ6EN
Added Member To Class: ClassName=Sheet2 Member=Component R8 ERJ6EN
Added Member To Class: ClassName=Sheet3 Member=Component R9 ERJ8EN
Added Member To Class: ClassName=Sheet3 Member=Component R10 ERJ6EN
Added Member To Class: ClassName=Sheet3 Member=Component R11 ERJ6EN
Added Member To Class: ClassName=Sheet3 Member=Component R12 ERJ6EN
Added Member To Class: ClassName=Sheet3 Member=Component R13 ERJ6EN
Added Member To Class: ClassName=Sheet3 Member=Component R14 ERJ6EN
Added Member To Class: ClassName=Sheet1 Member=Component R15 ERJ6EN
Added Member To Class: ClassName=Sheet1 Member=Component R18 ERJ6EN
Added Member To Class: ClassName=Sheet3 Member=Component R22 ERJ6EN
Added Member To Class: ClassName=Sheet3 Member=Component R23 ERJ6EN
Added Member To Class: ClassName=Sheet1 Member=Component U1 DCP010505B_DUA_7
Added Member To Class: ClassName=Sheet1 Member=Component U2 DCP010505B_DUA_7
Added Member To Class: ClassName=Sheet2 Member=Component U3 AMC1200_DUB_8
Added Member To Class: ClassName=Sheet2 Member=Component U4 OPA376_DCK_5
Added Member To Class: ClassName=Sheet3 Member=Component U5 AMC1100_DUB_8
Added Member To Class: ClassName=Sheet3 Member=Component U6 OPA376_DCK_5
Added Member To Class: ClassName=Sheet3 Member=Component U10 PIC18F45K20-E/ML
Added Room: Name=Sheet1
Added Room: Name=Sheet2
Added Room: Name=Sheet3
