Added Component: Designator=C1(C1206)
Added Component: Designator=C2(C1206)
Added Component: Designator=C3(C1206)
Added Component: Designator=C4(0805)
Added Component: Designator=C5(0805)
Added Component: Designator=C6(0805)
Added Component: Designator=C7(0805)
Added Component: Designator=C8(0805)
Added Component: Designator=C9(0805)
Added Component: Designator=C10(0805)
Added Component: Designator=C11(0805)
Added Component: Designator=CR1(SOD123)
Added Component: Designator=P1(HDR1X2)
Added Component: Designator=P2(HDR1X2)
Added Component: Designator=R1(6-0805)
Added Component: Designator=R2(6-0805)
Added Component: Designator=R3(6-0805)
Added Component: Designator=R4(6-0805)
Added Component: Designator=R5(M1WT-2512)
Added Component: Designator=R6(6-0805)
Added Component: Designator=R7(6-0805)
Added Component: Designator=R8(6-0805)
Added Component: Designator=R9(8-1206)
Added Component: Designator=R10(6-0805)
Added Component: Designator=R11(6-0805)
Added Component: Designator=R12(6-0805)
Added Component: Designator=R13(6-0805)
Added Component: Designator=R14(6-0805)
Added Component: Designator=U1(DUA7)
Added Component: Designator=U2(DUA7)
Added Component: Designator=U3(DUB8)
Added Component: Designator=U4(DCK5)
Added Component: Designator=U5(DUB8)
Added Component: Designator=U6(DCK5)
Added Pin To Net: NetName=GND_1 Pin=C1-1
Added Pin To Net: NetName=GND_1 Pin=C4-1
Added Pin To Net: NetName=GND_1 Pin=C6-1
Added Pin To Net: NetName=GND_1 Pin=P1-1
Added Pin To Net: NetName=GND_1 Pin=U1-2
Added Pin To Net: NetName=GND_1 Pin=U2-2
Added Pin To Net: NetName=GND_1 Pin=U5-4
Added Net: Name=GND_1
Added Pin To Net: NetName=GND_ISO1 Pin=C2-1
Added Pin To Net: NetName=GND_ISO1 Pin=C5-1
Added Pin To Net: NetName=GND_ISO1 Pin=U1-5
Added Pin To Net: NetName=GND_ISO1 Pin=U5-5
Added Pin To Net: NetName=GND_ISO1 Pin=U6-2
Added Net: Name=GND_ISO1
Added Pin To Net: NetName=GND_ISO2 Pin=C3-1
Added Pin To Net: NetName=GND_ISO2 Pin=C7-1
Added Pin To Net: NetName=GND_ISO2 Pin=U2-5
Added Pin To Net: NetName=GND_ISO2 Pin=U3-5
Added Pin To Net: NetName=GND_ISO2 Pin=U4-2
Added Net: Name=GND_ISO2
Added Pin To Net: NetName=NetC8_1 Pin=C8-1
Added Pin To Net: NetName=NetC8_1 Pin=C10-1
Added Pin To Net: NetName=NetC8_1 Pin=C11-1
Added Pin To Net: NetName=NetC8_1 Pin=CR1-2
Added Pin To Net: NetName=NetC8_1 Pin=R5-1
Added Pin To Net: NetName=NetC8_1 Pin=R7-1
Added Pin To Net: NetName=NetC8_1 Pin=U3-4
Added Net: Name=NetC8_1
Added Pin To Net: NetName=NetC8_2 Pin=C8-2
Added Pin To Net: NetName=NetC8_2 Pin=CR1-1
Added Pin To Net: NetName=NetC8_2 Pin=R1-1
Added Pin To Net: NetName=NetC8_2 Pin=U3-1
Added Net: Name=NetC8_2
Added Pin To Net: NetName=NetC9_1 Pin=C9-1
Added Pin To Net: NetName=NetC9_1 Pin=C10-2
Added Pin To Net: NetName=NetC9_1 Pin=R7-2
Added Pin To Net: NetName=NetC9_1 Pin=U3-3
Added Net: Name=NetC9_1
Added Pin To Net: NetName=NetC9_2 Pin=C9-2
Added Pin To Net: NetName=NetC9_2 Pin=C11-2
Added Pin To Net: NetName=NetC9_2 Pin=R3-2
Added Pin To Net: NetName=NetC9_2 Pin=U3-2
Added Net: Name=NetC9_2
Added Pin To Net: NetName=NetP2_1 Pin=P2-1
Added Pin To Net: NetName=NetP2_1 Pin=R12-1
Added Pin To Net: NetName=NetP2_1 Pin=U5-3
Added Net: Name=NetP2_1
Added Pin To Net: NetName=NetP2_2 Pin=P2-2
Added Pin To Net: NetName=NetP2_2 Pin=R9-2
Added Net: Name=NetP2_2
Added Pin To Net: NetName=NetR2_1 Pin=R2-1
Added Pin To Net: NetName=NetR2_1 Pin=R4-2
Added Pin To Net: NetName=NetR2_1 Pin=U4-1
Added Net: Name=NetR2_1
Added Pin To Net: NetName=NetR3_1 Pin=R3-1
Added Pin To Net: NetName=NetR3_1 Pin=R5-2
Added Net: Name=NetR3_1
Added Pin To Net: NetName=NetR4_1 Pin=R4-1
Added Pin To Net: NetName=NetR4_1 Pin=U3-7
Added Net: Name=NetR4_1
Added Pin To Net: NetName=NetR6_1 Pin=R6-1
Added Pin To Net: NetName=NetR6_1 Pin=R8-2
Added Pin To Net: NetName=NetR6_1 Pin=U4-3
Added Net: Name=NetR6_1
Added Pin To Net: NetName=NetR6_2 Pin=R6-2
Added Pin To Net: NetName=NetR6_2 Pin=U4-4
Added Net: Name=NetR6_2
Added Pin To Net: NetName=NetR8_1 Pin=R8-1
Added Pin To Net: NetName=NetR8_1 Pin=U3-6
Added Net: Name=NetR8_1
Added Pin To Net: NetName=NetR9_1 Pin=R9-1
Added Pin To Net: NetName=NetR9_1 Pin=R12-2
Added Pin To Net: NetName=NetR9_1 Pin=U5-2
Added Net: Name=NetR9_1
Added Pin To Net: NetName=NetR10_1 Pin=R10-1
Added Pin To Net: NetName=NetR10_1 Pin=R11-1
Added Pin To Net: NetName=NetR10_1 Pin=R11-2
Added Pin To Net: NetName=NetR10_1 Pin=U5-7
Added Pin To Net: NetName=NetR10_1 Pin=U6-1
Added Net: Name=NetR10_1
Added Pin To Net: NetName=NetR13_1 Pin=R13-1
Added Pin To Net: NetName=NetR13_1 Pin=R14-1
Added Pin To Net: NetName=NetR13_1 Pin=U6-3
Added Net: Name=NetR13_1
Added Pin To Net: NetName=NetR13_2 Pin=R13-2
Added Pin To Net: NetName=NetR13_2 Pin=U6-4
Added Net: Name=NetR13_2
Added Pin To Net: NetName=NetR14_2 Pin=R14-2
Added Pin To Net: NetName=NetR14_2 Pin=U5-6
Added Net: Name=NetR14_2
Added Pin To Net: NetName=VCC1 Pin=R2-2
Added Net: Name=VCC1
Added Pin To Net: NetName=VCC2 Pin=R10-2
Added Net: Name=VCC2
Added Pin To Net: NetName=VDD_1 Pin=C1-2
Added Pin To Net: NetName=VDD_1 Pin=C4-2
Added Pin To Net: NetName=VDD_1 Pin=C6-2
Added Pin To Net: NetName=VDD_1 Pin=P1-2
Added Pin To Net: NetName=VDD_1 Pin=R1-2
Added Pin To Net: NetName=VDD_1 Pin=U1-1
Added Pin To Net: NetName=VDD_1 Pin=U2-1
Added Pin To Net: NetName=VDD_1 Pin=U5-1
Added Net: Name=VDD_1
Added Pin To Net: NetName=VDD_ISO1 Pin=C2-2
Added Pin To Net: NetName=VDD_ISO1 Pin=C5-2
Added Pin To Net: NetName=VDD_ISO1 Pin=U1-6
Added Pin To Net: NetName=VDD_ISO1 Pin=U5-8
Added Pin To Net: NetName=VDD_ISO1 Pin=U6-5
Added Net: Name=VDD_ISO1
Added Pin To Net: NetName=VDD_ISO2 Pin=C3-2
Added Pin To Net: NetName=VDD_ISO2 Pin=C7-2
Added Pin To Net: NetName=VDD_ISO2 Pin=U2-6
Added Pin To Net: NetName=VDD_ISO2 Pin=U3-8
Added Pin To Net: NetName=VDD_ISO2 Pin=U4-5
Added Net: Name=VDD_ISO2
Added Class: Name=Sheet1
Added Class: Name=Sheet2
Added Class: Name=Sheet3
Added Room: Name=Sheet1
Added Room: Name=Sheet2
Added Room: Name=Sheet3
